<?xml version="1.0" encoding="UTF-8"?>
<!-- Generated by org.testng.reporters.JUnitReportReporter -->
<testsuite hostname="DESKTOP-PDQBIIN" failures="0" tests="11" name="com.saucedemo.testcases.LoginTest" time="21.385" errors="0" timestamp="2024-12-18T22:32:51 SEÄŒ" skipped="0">
  <testcase classname="com.saucedemo.testcases.LoginTest" name="loginValidUser" time="1.381"/>
  <testcase classname="com.saucedemo.testcases.LoginTest" name="loginLockedUser" time="1.432"/>
  <testcase classname="com.saucedemo.testcases.LoginTest" name="loginProblemUser" time="1.827"/>
  <testcase classname="com.saucedemo.testcases.LoginTest" name="loginPerformanceUser" time="6.429"/>
  <testcase classname="com.saucedemo.testcases.LoginTest" name="loginErrorUser" time="1.576"/>
  <testcase classname="com.saucedemo.testcases.LoginTest" name="loginVisualUser" time="1.397"/>
  <testcase classname="com.saucedemo.testcases.LoginTest" name="loginWithEmptyCredentials" time="1.444"/>
  <testcase classname="com.saucedemo.testcases.LoginTest" name="loginWithEmptyUsernameField" time="1.612"/>
  <testcase classname="com.saucedemo.testcases.LoginTest" name="loginWithEmptyPasswordField" time="1.368"/>
  <testcase classname="com.saucedemo.testcases.LoginTest" name="loginWithInvalidUsername" time="1.512"/>
  <testcase classname="com.saucedemo.testcases.LoginTest" name="loginWithInvalidPassword" time="1.407"/>
</testsuite> <!-- com.saucedemo.testcases.LoginTest -->
