<?xml version="1.0" encoding="UTF-8"?>
<!-- Generated by org.testng.reporters.JUnitReportReporter -->
<testsuite hostname="DESKTOP-PDQBIIN" failures="0" tests="11" name="com.saucedemo.testcases.LoginTest" time="21.116" errors="0" timestamp="2024-12-13T11:14:02 SEÄŒ" skipped="0">
  <testcase classname="com.saucedemo.testcases.LoginTest" name="loginValidUser" time="1.434"/>
  <testcase classname="com.saucedemo.testcases.LoginTest" name="loginLockedUser" time="1.406"/>
  <testcase classname="com.saucedemo.testcases.LoginTest" name="loginProblemUser" time="1.333"/>
  <testcase classname="com.saucedemo.testcases.LoginTest" name="loginPerformanceUser" time="6.356"/>
  <testcase classname="com.saucedemo.testcases.LoginTest" name="loginErrorUser" time="1.989"/>
  <testcase classname="com.saucedemo.testcases.LoginTest" name="loginVisualUser" time="1.379"/>
  <testcase classname="com.saucedemo.testcases.LoginTest" name="loginWithEmptyCredentials" time="1.542"/>
  <testcase classname="com.saucedemo.testcases.LoginTest" name="loginWithEmptyUsernameField" time="1.393"/>
  <testcase classname="com.saucedemo.testcases.LoginTest" name="loginWithEmptyPasswordField" time="1.563"/>
  <testcase classname="com.saucedemo.testcases.LoginTest" name="loginWithInvalidUsername" time="1.340"/>
  <testcase classname="com.saucedemo.testcases.LoginTest" name="loginWithInvalidPassword" time="1.381"/>
</testsuite> <!-- com.saucedemo.testcases.LoginTest -->
