<?xml version="1.0" encoding="UTF-8"?>
<!-- Generated by org.testng.reporters.JUnitReportReporter -->
<testsuite hostname="DESKTOP-PDQBIIN" failures="0" tests="1" name="com.saucedemo.testcases.LoginTest" time="1.877" errors="0" timestamp="2024-12-12T22:58:39 SEÄŒ" skipped="0">
  <testcase classname="com.saucedemo.testcases.LoginTest" name="loginProblemUser" time="1.877"/>
</testsuite> <!-- com.saucedemo.testcases.LoginTest -->
