<?xml version="1.0" encoding="UTF-8"?>
<!-- Generated by org.testng.reporters.JUnitReportReporter -->
<testsuite hostname="DESKTOP-PDQBIIN" failures="0" tests="10" name="com.saucedemo.testcases.LoginWithExcelTest" time="20.175" errors="0" timestamp="2024-12-17T00:12:52 SEÄŒ" skipped="0">
  <testcase classname="com.saucedemo.testcases.LoginWithExcelTest" name="verifyLogin" time="1.438"/>
  <testcase classname="com.saucedemo.testcases.LoginWithExcelTest" name="verifyLogin" time="1.457"/>
  <testcase classname="com.saucedemo.testcases.LoginWithExcelTest" name="verifyLogin" time="1.466"/>
  <testcase classname="com.saucedemo.testcases.LoginWithExcelTest" name="verifyLogin" time="1.463"/>
  <testcase classname="com.saucedemo.testcases.LoginWithExcelTest" name="verifyLogin" time="1.986"/>
  <testcase classname="com.saucedemo.testcases.LoginWithExcelTest" name="verifyLogin" time="1.445"/>
  <testcase classname="com.saucedemo.testcases.LoginWithExcelTest" name="verifyLogin" time="1.450"/>
  <testcase classname="com.saucedemo.testcases.LoginWithExcelTest" name="verifyLogin" time="1.522"/>
  <testcase classname="com.saucedemo.testcases.LoginWithExcelTest" name="verifyLogin" time="6.452"/>
  <testcase classname="com.saucedemo.testcases.LoginWithExcelTest" name="verifyLogin" time="1.496"/>
</testsuite> <!-- com.saucedemo.testcases.LoginWithExcelTest -->
